Traceback (most recent call last):
  File "/nnsmith/nnsmith/backends/factory.py", line 69, in checked_compile
    return self.checked_make_backend(testcase.model)
  File "/nnsmith/nnsmith/backends/factory.py", line 65, in checked_make_backend
    return self.make_backend(model)
  File "/multipledispatch/dispatcher.py", line 435, in __call__
    return func(self.obj, *args, **kwargs)
  File "/nnsmith/nnsmith/backends/tvm.py", line 76, in make_backend
    executor = relay.build_module.create_executor(
  File "/tvm/relay/backend/interpreter.py", line 171, in evaluate
    return self._make_executor()
  File "/tvm/relay/build_module.py", line 592, in _make_executor
    mod = build(self.mod, target=self.target)
  File "/tvm/relay/build_module.py", line 438, in build
    graph_json, runtime_mod, params = bld_mod.build(
  File "/tvm/relay/build_module.py", line 161, in build
    self._build(
  File "/tvm/_ffi/_ctypes/packed_func.py", line 237, in __call__
    raise get_last_ffi_error()
ValueError: Traceback (most recent call last):
  49: TVMFuncCall
  48: tvm::runtime::PackedFuncObj::Extractor<tvm::runtime::PackedFuncSubObj<tvm::relay::backend::RelayBuildModule::GetFunction(std::string const&, tvm::runtime::ObjectPtr<tvm::runtime::Object> const&)::{lambda(tvm::runtime::TVMArgs, tvm::runtime::TVMRetValue*)#3}> >::Call(tvm::runtime::PackedFuncObj const*, tvm::runtime::TVMArgs, tvm::runtime::TVMRetValue*)
  47: tvm::relay::backend::RelayBuildModule::BuildRelay(tvm::IRModule, tvm::runtime::String const&)
  46: tvm::relay::backend::ExecutorCodegen::Codegen(tvm::IRModule, tvm::relay::Function const&, tvm::runtime::String)
  45: tvm::runtime::PackedFuncObj::Extractor<tvm::runtime::PackedFuncSubObj<tvm::relay::backend::GraphExecutorCodegenModule::GetFunction(std::string const&, tvm::runtime::ObjectPtr<tvm::runtime::Object> const&)::{lambda(tvm::runtime::TVMArgs, tvm::runtime::TVMRetValue*)#2}> >::Call(tvm::runtime::PackedFuncObj const*, tvm::runtime::TVMArgs, tvm::runtime::TVMRetValue*)
  44: tvm::relay::backend::GraphExecutorCodegen::Codegen(tvm::IRModule, tvm::relay::Function, tvm::runtime::String)
  43: tvm::transform::Pass::operator()(tvm::IRModule) const
  42: tvm::transform::Pass::operator()(tvm::IRModule, tvm::transform::PassContext const&) const
  41: tvm::transform::SequentialNode::operator()(tvm::IRModule, tvm::transform::PassContext const&) const
  40: tvm::transform::Pass::operator()(tvm::IRModule, tvm::transform::PassContext const&) const
  39: tvm::transform::ModulePassNode::operator()(tvm::IRModule, tvm::transform::PassContext const&) const
  38: _ZN3tvm7runtime13PackedFuncObj9ExtractorINS0_16PackedFuncSubObjIZNS0_15TypedPackedFuncIFNS_8IRModuleES5_NS_9transform11PassContextEEE17AssignTypedLambdaIZNS_5relay3tec7LowerTEENS0_6StringENS_17CompilationConfigESt8functionIFvNS_8BaseFuncEEEEUlS5_S7_E_EEvT_EUlRKNS0_7TVMArgsEPNS0_11TVMRetValueEE_EEE4CallEPKS1_SL_SP_
  37: tvm::relay::tec::LowerTE(tvm::IRModule const&, tvm::runtime::String const&, std::function<void (tvm::BaseFunc)>, tvm::CompilationConfig)
  36: tvm::transform::Pass::operator()(tvm::IRModule) const
  35: tvm::transform::Pass::operator()(tvm::IRModule, tvm::transform::PassContext const&) const
  34: tvm::relay::transform::FunctionPassNode::operator()(tvm::IRModule, tvm::transform::PassContext const&) const
  33: _ZN3tvm7runtime13PackedFun
  32: tvm::runtime::TypedPackedFunc<tvm::relay::Function (tvm::relay::Function, tvm::IRModule, tvm::transform::PassContext)>::AssignTypedLambda<tvm::relay::tec::LowerTensorExpr(tvm::runtime::String const&, tvm::relay::tec::TECompiler, std::function<void (tvm::BaseFunc)>, tvm::CompilationConfig)::{lambda(tvm::relay::Function, tvm::IRModule, tvm::transform::PassContext)#1}>(tvm::relay::tec::LowerTensorExpr(tvm::runtime::String const&, tvm::relay::tec::TECompiler, std::function<void (tvm::BaseFunc)>, tvm::CompilationConfig)::{lambda(tvm::relay::Function, tvm::IRModule, tvm::transform::PassContext)#1})::{lambda(tvm::runtime::TVMArgs const&, tvm::runtime::TVMRetValue*)#1}::operator()(tvm::runtime::TVMArgs const, tvm::runtime::TVMRetValue) const
  31: tvm::relay::ExprMutator::VisitExpr(tvm::RelayExpr const&)
  30: tvm::relay::ExprFunctor<tvm::RelayExpr (tvm::RelayExpr const&)>::VisitExpr(tvm::RelayExpr const&)
  29: _ZZN3tvm5relay11ExprFuncto
  28: tvm::relay::transform::DeviceAwareExprMutator::VisitExpr_(tvm::relay::FunctionNode const*)
  27: tvm::relay::tec::LowerTensorExprMutator::DeviceAwareVisitExpr_(tvm::relay::FunctionNode const*)
  26: _ZN3tvm5relay9tr
  25: tvm::relay::ExprMutator::VisitExpr_(tvm::relay::FunctionNode const*)
  24: tvm::relay::ExprMutator::VisitExpr(tvm::RelayExpr const&)
  23: tvm::relay::ExprFunctor<tvm::RelayExpr (tvm::RelayExpr const&)>::VisitExpr(tvm::RelayExpr const&)
  22: _ZZN3tvm5relay11ExprFuncto
  21: tvm::relay::transform::DeviceAwareExprMutator::VisitExpr_(tvm::relay::CallNode const*)
  20: tvm::relay::tec::LowerTensorExprMutator::DeviceAwareVisitExpr_(tvm::relay::CallNode const*)
  19: tvm::relay::ExprMutator::VisitExpr(tvm::RelayExpr const&)
  18: tvm::relay::ExprFunctor<tvm::RelayExpr (tvm::RelayExpr const&)>::VisitExpr(tvm::RelayExpr const&)
  17: _ZZN3tvm5relay11ExprFuncto
  16: tvm::relay::transform::DeviceAwareExprMutator::VisitExpr_(tvm::relay::CallNode const*)
  15: tvm::relay::tec::LowerTensorExprMutator::DeviceAwareVisitExpr_(tvm::relay::CallNode const*)
  14: tvm::relay::ExprMutator::VisitExpr(tvm::RelayExpr const&)
  13: tvm::relay::ExprFunctor<tvm::RelayExpr (tvm::RelayExpr const&)>::VisitExpr(tvm::RelayExpr const&)
  12: _ZZN3tvm5relay11ExprFuncto
  11: tvm::relay::transform::DeviceAwareExprMutator::VisitExpr_(tvm::relay::CallNode const*)
  10: tvm::relay::tec::LowerTensorExprMutator::DeviceAwareVisitExpr_(tvm::relay::CallNode const*)
  9: tvm::relay::tec::TECompilerImpl::Lower(tvm::relay::tec::CCacheKey const&, tvm::runtime::String)
  8: tvm::relay::tec::TECompilerImpl::LowerInternal(tvm::relay::tec::CCacheKey const&, std::function<tvm::runtime::String (tvm::runtime::String)>)
  7: tvm::relay::tec::PrimFuncFor(tvm::relay::Function const&, tvm::Target const&, std::function<std::string (std::string)>)
  6: tvm::relay::tec::ScheduleBuilder::Create(tvm::relay::Function const&, std::function<std::string (std::string)>)
  5: tvm::relay::tec::LowerToTECompute::Lower(tvm::relay::Function const&, std::function<std::string (std::string)>) [clone .isra.0]
  4: tvm::relay::backend::MemoizedExprTranslator<tvm::runtime::Array<tvm::te::Tensor, void> >::VisitExpr(tvm::RelayExpr const&)
  3: tvm::relay::ExprFunctor<tvm::runtime::Array<tvm::te::Tensor, void> (tvm::RelayExpr const&)>::VisitExpr(tvm::RelayExpr const&)
  2: _ZZN3tvm5relay11ExprFuncto
  1: tvm::relay::tec::LowerToTECompute::VisitExpr_(tvm::relay::CallNode const*)
  0: tvm::runtime::PackedFuncObj::Extractor<tvm::runtime::PackedFuncSubObj<TVMFuncCreateFromCFunc::{lambda(tvm::runtime::TVMArgs, tvm::runtime::TVMRetValue*)#2}> >::Call(tvm::runtime::PackedFuncObj const*, tvm::runtime::TVMArgs, tvm::runtime::TVMRetValue*) [clone .cold]
  File "/tvm/_ffi/_ctypes/packed_func.py", line 81, in cfun
    rv = local_pyfunc(*pyargs)
  File "/tvm/relay/backend/te_compiler.py", line 316, in lower_call
    best_impl, outputs = select_implementation(op, call.attrs, inputs, ret_type, target)
  File "/tvm/relay/backend/te_compiler.py", line 206, in select_implementation
    outs = impl.compute(attrs, inputs, out_type)
  File "/tvm/relay/op/op.py", line 126, in compute
    return _OpImplementationCompute(self, attrs, inputs, out_type)
  File "/tvm/_ffi/_ctypes/packed_func.py", line 237, in __call__
    raise get_last_ffi_error()
  3: TVMFuncCall
  2: tvm::runtime::PackedFuncObj::Extractor<tvm::runtime::PackedFuncSubObj<tvm::relay::__mk_TVM6::{lambda(tvm::runtime::TVMArgs, tvm::runtime::TVMRetValue*)#1}> >::Call(tvm::runtime::PackedFuncObj const*, tvm::relay::__mk_TVM6, tvm::runtime::TVMRetValue)
  1: tvm::relay::OpImplementation::Compute(tvm::Attrs const&, tvm::runtime::Array<tvm::te::Tensor, void> const&, tvm::Type const&)
  0: tvm::runtime::PackedFuncObj::Extractor<tvm::runtime::PackedFuncSubObj<TVMFuncCreateFromCFunc::{lambda(tvm::runtime::TVMArgs, tvm::runtime::TVMRetValue*)#2}> >::Call(tvm::runtime::PackedFuncObj const*, tvm::runtime::TVMArgs, tvm::runtime::TVMRetValue*) [clone .cold]
  File "/tvm/_ffi/_ctypes/packed_func.py", line 81, in cfun
    rv = local_pyfunc(*pyargs)
  File "/tvm/relay/op/image/_image.py", line 145, in compute_resize2d
    topi.image.resize2d(
  File "/tvm/topi/image/resize.py", line 824, in resize2d
    raise ValueError("%s layout is not supported." % layout)
ValueError: WCHN layout is not supported.
